#
# A fatal error has been detected by the Java Runtime Environment:
#
#  SIGSEGV (0xb) at pc=0x0000000115ee63d8, pid=1282, tid=70659
#
# JRE version: Java(TM) SE Runtime Environment (7.0_65-b17) (build 1.7.0_65-b17)
# Java VM: Java HotSpot(TM) 64-Bit Server VM (24.65-b04 mixed mode bsd-amd64 compressed oops)
# Problematic frame:
# C  [libawt.dylib+0x393d8]  AnyIntIsomorphicScaleCopy+0x60
#
# Failed to write core dump. Core dumps have been disabled. To enable core dumping, try "ulimit -c unlimited" before starting Java again
#
# If you would like to submit a bug report, please visit:
#   http://bugreport.sun.com/bugreport/crash.jsp
# The crash happened outside the Java Virtual Machine in native code.
# See problematic frame for where to report the bug.
#

---------------  T H R E A D  ---------------

Current thread (0x00007feca417a800):  JavaThread "SimulationThread" [_thread_in_native, id=70659, stack(0x0000700002b24000,0x0000700002c24000)]

siginfo:si_signo=SIGSEGV: si_errno=0, si_code=1 (SEGV_MAPERR), si_addr=0x00000006cd8071a0

Registers:
RAX=0x000000000000c800, RBX=0x0000000000000100, RCX=0x0000000000000000, RDX=0x0000000000000100
RSP=0x0000700002c22e08, RBP=0x0000700002c22e30, RSI=0x00000006cd8071a0, RDI=0x0000000726803850
R8 =0x0000000000008000, R9 =0x0000000052008000, R10=0x0000000000000011, R11=0x0000000000010000
R12=0x0000000000008000, R13=0x0000000000000000, R14=0x0000000746883850, R15=0x0000000000000100
RIP=0x0000000115ee63d8, EFLAGS=0x0000000000010246, ERR=0x0000000000000006
  TRAPNO=0x000000000000000e

Top of Stack: (sp=0x0000700002c22e08)
0x0000700002c22e08:   0000000000000000 0000000000000000
0x0000700002c22e18:   0000000000000000 00000000fffffeff
0x0000700002c22e28:   00000000fffffeff 0000700002c230d0
0x0000700002c22e38:   0000000115eb4e84 0000700000010000
0x0000700002c22e48:   0000000100010000 00007fec00000011
0x0000700002c22e58:   0000700002c23010 0000700002c22f78
0x0000700002c22e68:   0000000115f20378 0000700002c22f68
0x0000700002c22e78:   00007fecab8308c0 00007feca3a113a0
0x0000700002c22e88:   00000100a2662030 00007feca417a9e8
0x0000700002c22e98:   0000010000000000 40f0000000000000
0x0000700002c22ea8:   0000000000000000 ffffff00a417a800
0x0000700002c22eb8:   ffffae00ffffacff 8000000000000000
0x0000700002c22ec8:   00005200fae2d680 40f0000000000000
0x0000700002c22ed8:   0000000000000000 0000000726803850
0x0000700002c22ee8:   0000000115f20378 0000001100000000
0x0000700002c22ef8:   0000000700005200 0001000002c22f40
0x0000700002c22f08:   40d9000052008000 40d8e00000000100
0x0000700002c22f18:   0001000002c201c8 0000700000000100
0x0000700002c22f28:   0000000000000000 0000638000006400
0x0000700002c22f38:   0000000000000000 0000638000006400
0x0000700002c22f48:   0000700000000000 0000000000000000
0x0000700002c22f58:   0000000000000001 0000000000000000
0x0000700002c22f68:   0000700002c22f80 0000700002c22fb0
0x0000700002c22f78:   0000000000000000 0000638000006400
0x0000700002c22f88:   000000074d6071a0 0000000400000000
0x0000700002c22f98:   0000000000019000 0000000000000000
0x0000700002c22fa8:   0000000000000000 0000000000000000
0x0000700002c22fb8:   0000000000000000 0000000000000000
0x0000700002c22fc8:   00007feca417a800 0000000100000002
0x0000700002c22fd8:   000000074d6071a0 0000000000000000
0x0000700002c22fe8:   0000000000000000 00007feca2661878
0x0000700002c22ff8:   0000000100000011 000000070000000d 

Instructions: (pc=0x0000000115ee63d8)
0x0000000115ee63b8:   44 0f af f0 4d 63 f6 49 01 fe 41 89 d7 45 89 c4
0x0000000115ee63c8:   44 88 d1 45 89 e5 41 d3 fd 49 63 cd 41 8b 0c 8e
0x0000000115ee63d8:   89 0e 45 01 dc 48 83 c6 04 41 ff cf 75 e2 44 03
0x0000000115ee63e8:   4d 18 48 03 75 d0 ff cb 75 bd 5b 41 5c 41 5d 41 

Register to memory mapping:

RAX=0x000000000000c800 is an unknown value
RBX=0x0000000000000100 is an unknown value
RCX=0x0000000000000000 is an unknown value
RDX=0x0000000000000100 is an unknown value
RSP=0x0000700002c22e08 is pointing into the stack for thread: 0x00007feca417a800
RBP=0x0000700002c22e30 is pointing into the stack for thread: 0x00007feca417a800
RSI=0x00000006cd8071a0 is an unknown value
RDI=0x0000000726803850 is pointing into object: 0x0000000726803840
[I 
 - klass: {type array int}
 - length: 163020800
R8 =0x0000000000008000 is an unknown value
R9 =0x0000000052008000 is an unknown value
R10=0x0000000000000011 is an unknown value
R11=0x0000000000010000 is an unknown value
R12=0x0000000000008000 is an unknown value
R13=0x0000000000000000 is an unknown value
R14=0x0000000746883850 is pointing into object: 0x0000000726803840
[I 
 - klass: {type array int}
 - length: 163020800
R15=0x0000000000000100 is an unknown value


Stack: [0x0000700002b24000,0x0000700002c24000],  sp=0x0000700002c22e08,  free space=1019k
Native frames: (J=compiled Java code, j=interpreted, Vv=VM code, C=native code)
C  [libawt.dylib+0x393d8]  AnyIntIsomorphicScaleCopy+0x60
C  [libawt.dylib+0x7e84]  Java_sun_java2d_loops_ScaledBlit_Scale+0x96a
j  sun.java2d.loops.ScaledBlit.Scale(Lsun/java2d/SurfaceData;Lsun/java2d/SurfaceData;Ljava/awt/Composite;Lsun/java2d/pipe/Region;IIIIDDDD)V+0
j  sun.java2d.pipe.DrawImage.scaleSurfaceData(Lsun/java2d/SunGraphics2D;Lsun/java2d/pipe/Region;Lsun/java2d/SurfaceData;Lsun/java2d/SurfaceData;Lsun/java2d/loops/SurfaceType;Lsun/java2d/loops/SurfaceType;IIIIDDDD)Z+72
j  sun.java2d.pipe.DrawImage.renderImageScale(Lsun/java2d/SunGraphics2D;Ljava/awt/Image;Ljava/awt/Color;IIIIIDDDD)Z+97
j  sun.java2d.pipe.DrawImage.scaleImage(Lsun/java2d/SunGraphics2D;Ljava/awt/Image;IIIILjava/awt/Color;)Z+89
j  sun.java2d.pipe.DrawImage.scaleImage(Lsun/java2d/SunGraphics2D;Ljava/awt/Image;IIIILjava/awt/Color;Ljava/awt/image/ImageObserver;)Z+19
j  sun.java2d.pipe.ValidatePipe.scaleImage(Lsun/java2d/SunGraphics2D;Ljava/awt/Image;IIIILjava/awt/Color;Ljava/awt/image/ImageObserver;)Z+25
j  sun.java2d.SunGraphics2D.drawImage(Ljava/awt/Image;IIIILjava/awt/Color;Ljava/awt/image/ImageObserver;)Z+113
j  sun.java2d.SunGraphics2D.drawImage(Ljava/awt/Image;IIIILjava/awt/image/ImageObserver;)Z+11
j  greenfoot.GreenfootImage.scale(II)V+65
j  GameOver.act()V+33
J 770 C2 greenfoot.core.Simulation.runOneLoop(Lgreenfoot/World;)V (226 bytes) @ 0x00000001092fb1ec [0x00000001092fa640+0xbac]
j  greenfoot.core.Simulation.runContent()V+29
j  greenfoot.core.Simulation.run()V+1
v  ~StubRoutines::call_stub
V  [libjvm.dylib+0x2daef8]  JavaCalls::call_helper(JavaValue*, methodHandle*, JavaCallArguments*, Thread*)+0x22a
V  [libjvm.dylib+0x2db40f]  JavaCalls::call_virtual(JavaValue*, KlassHandle, Symbol*, Symbol*, JavaCallArguments*, Thread*)+0x11b
V  [libjvm.dylib+0x2db54c]  JavaCalls::call_virtual(JavaValue*, Handle, KlassHandle, Symbol*, Symbol*, Thread*)+0x4a
V  [libjvm.dylib+0x32a41e]  thread_entry(JavaThread*, Thread*)+0xad
V  [libjvm.dylib+0x4f5855]  JavaThread::thread_main_inner()+0x9b
V  [libjvm.dylib+0x4f6f5d]  JavaThread::run()+0x1a3
V  [libjvm.dylib+0x420772]  java_start(Thread*)+0x126
C  [libsystem_pthread.dylib+0x39b1]  _pthread_body+0x83
C  [libsystem_pthread.dylib+0x392e]  _pthread_body+0x0
C  [libsystem_pthread.dylib+0x1385]  thread_start+0xd

Java frames: (J=compiled Java code, j=interpreted, Vv=VM code)
j  sun.java2d.loops.ScaledBlit.Scale(Lsun/java2d/SurfaceData;Lsun/java2d/SurfaceData;Ljava/awt/Composite;Lsun/java2d/pipe/Region;IIIIDDDD)V+0
j  sun.java2d.pipe.DrawImage.scaleSurfaceData(Lsun/java2d/SunGraphics2D;Lsun/java2d/pipe/Region;Lsun/java2d/SurfaceData;Lsun/java2d/SurfaceData;Lsun/java2d/loops/SurfaceType;Lsun/java2d/loops/SurfaceType;IIIIDDDD)Z+72
j  sun.java2d.pipe.DrawImage.renderImageScale(Lsun/java2d/SunGraphics2D;Ljava/awt/Image;Ljava/awt/Color;IIIIIDDDD)Z+97
j  sun.java2d.pipe.DrawImage.scaleImage(Lsun/java2d/SunGraphics2D;Ljava/awt/Image;IIIILjava/awt/Color;)Z+89
j  sun.java2d.pipe.DrawImage.scaleImage(Lsun/java2d/SunGraphics2D;Ljava/awt/Image;IIIILjava/awt/Color;Ljava/awt/image/ImageObserver;)Z+19
j  sun.java2d.pipe.ValidatePipe.scaleImage(Lsun/java2d/SunGraphics2D;Ljava/awt/Image;IIIILjava/awt/Color;Ljava/awt/image/ImageObserver;)Z+25
j  sun.java2d.SunGraphics2D.drawImage(Ljava/awt/Image;IIIILjava/awt/Color;Ljava/awt/image/ImageObserver;)Z+113
j  sun.java2d.SunGraphics2D.drawImage(Ljava/awt/Image;IIIILjava/awt/image/ImageObserver;)Z+11
j  greenfoot.GreenfootImage.scale(II)V+65
j  GameOver.act()V+33
J 770 C2 greenfoot.core.Simulation.runOneLoop(Lgreenfoot/World;)V (226 bytes) @ 0x00000001092fb1ec [0x00000001092fa640+0xbac]
j  greenfoot.core.Simulation.runContent()V+29
j  greenfoot.core.Simulation.run()V+1
v  ~StubRoutines::call_stub

---------------  P R O C E S S  ---------------

Java Threads: ( => current thread )
  0x00007feca681d000 JavaThread "RMI TCP Connection(idle)" daemon [_thread_blocked, id=102467, stack(0x000070000291e000,0x0000700002a1e000)]
  0x00007feca5ab3800 JavaThread "Thread-25" daemon [_thread_blocked, id=98579, stack(0x00007000033c5000,0x00007000034c5000)]
  0x00007feca2acc000 JavaThread "Java Sound Event Dispatcher" daemon [_thread_blocked, id=94271, stack(0x0000700002f36000,0x0000700003036000)]
  0x00007feca5a93000 JavaThread "TimerQueue" daemon [_thread_blocked, id=45831, stack(0x000070000240f000,0x000070000250f000)]
  0x00007feca296a000 JavaThread "Thread-5" daemon [_thread_blocked, id=71443, stack(0x0000700002c27000,0x0000700002d27000)]
  0x00007feca5a0a000 JavaThread "main" [_thread_blocked, id=59659, stack(0x0000700002512000,0x0000700002612000)]
=>0x00007feca417a800 JavaThread "SimulationThread" [_thread_in_native, id=70659, stack(0x0000700002b24000,0x0000700002c24000)]
  0x00007feca5958800 JavaThread "AWT-EventQueue-0" [_thread_blocked, id=70147, stack(0x0000700002a21000,0x0000700002b21000)]
  0x00007feca416b800 JavaThread "RMI Reaper" [_thread_blocked, id=69123, stack(0x000070000281b000,0x000070000291b000)]
  0x00007feca416b000 JavaThread "RMI TCP Accept-0" daemon [_thread_in_native, id=68611, stack(0x0000700002718000,0x0000700002818000)]
  0x00007feca5a0f800 JavaThread "Java2D Disposer" daemon [_thread_blocked, id=67843, stack(0x0000700002615000,0x0000700002715000)]
  0x00007feca40de000 JavaThread "Java2D Queue Flusher" daemon [_thread_blocked, id=64775, stack(0x0000700002106000,0x0000700002206000)]
  0x00007feca4068000 JavaThread "GC Daemon" daemon [_thread_blocked, id=58627, stack(0x000070000230c000,0x000070000240c000)]
  0x00007feca5930800 JavaThread "RMI RenewClean-[127.0.0.1:49952]" daemon [_thread_blocked, id=58115, stack(0x0000700002209000,0x0000700002309000)]
  0x00007feca28f4000 JavaThread "RMI Scheduler(0)" daemon [_thread_blocked, id=49431, stack(0x0000700001f00000,0x0000700002000000)]
  0x00007feca4807800 JavaThread "DestroyJavaVM" [_thread_blocked, id=5891, stack(0x000070000011a000,0x000070000021a000)]
  0x00007feca58e6800 JavaThread "BlueJ worker thread" [_thread_blocked, id=57091, stack(0x0000700002003000,0x0000700002103000)]
  0x00007feca28d9800 JavaThread "AWT-Shutdown" [_thread_blocked, id=34579, stack(0x0000700001b6e000,0x0000700001c6e000)]
  0x00007feca405e000 JavaThread "AppKit Thread" daemon [_thread_in_native, id=2571, stack(0x00007fff58209000,0x00007fff58a09000)]
  0x00007feca5002800 JavaThread "Service Thread" daemon [_thread_blocked, id=23811, stack(0x0000700001862000,0x0000700001962000)]
  0x00007feca6807000 JavaThread "C2 CompilerThread1" daemon [_thread_blocked, id=23299, stack(0x000070000175f000,0x000070000185f000)]
  0x00007feca6806800 JavaThread "C2 CompilerThread0" daemon [_thread_blocked, id=22787, stack(0x000070000165c000,0x000070000175c000)]
  0x00007feca5001000 JavaThread "JDWP Command Reader" daemon [_thread_in_native, id=22275, stack(0x0000700001559000,0x0000700001659000)]
  0x00007feca6010000 JavaThread "JDWP Event Helper Thread" daemon [_thread_blocked, id=21763, stack(0x0000700001456000,0x0000700001556000)]
  0x00007feca4805000 JavaThread "JDWP Transport Listener: dt_socket" daemon [_thread_blocked, id=21251, stack(0x0000700001353000,0x0000700001453000)]
  0x00007feca400d000 JavaThread "Signal Dispatcher" daemon [_thread_blocked, id=20739, stack(0x0000700001250000,0x0000700001350000)]
  0x00007feca5850800 JavaThread "Surrogate Locker Thread (Concurrent GC)" daemon [_thread_blocked, id=17423, stack(0x000070000114d000,0x000070000124d000)]
  0x00007feca3048800 JavaThread "Finalizer" daemon [_thread_blocked, id=15875, stack(0x0000700000f44000,0x0000700001044000)]
  0x00007feca3047800 JavaThread "Reference Handler" daemon [_thread_blocked, id=15363, stack(0x0000700000e41000,0x0000700000f41000)]

Other Threads:
  0x00007feca2880000 VMThread [stack: 0x0000700000d3e000,0x0000700000e3e000] [id=14851]
  0x00007feca4001000 WatcherThread [stack: 0x0000700001965000,0x0000700001a65000] [id=24323]

VM state:not at safepoint (normal execution)

VM Mutex/Monitor currently owned by a thread: None

Heap
 par new generation   total 613440K, used 1598K [0x00000006fae00000, 0x0000000724790000, 0x0000000724790000)
  eden space 545344K,   0% used [0x00000006fae00000, 0x00000006faf8f9a0, 0x000000071c290000)
  from space 68096K,   0% used [0x000000071c290000, 0x000000071c290000, 0x0000000720510000)
  to   space 68096K,   0% used [0x0000000720510000, 0x0000000720510000, 0x0000000724790000)
 concurrent mark-sweep generation total 3512768K, used 3217243K [0x0000000724790000, 0x00000007fae00000, 0x00000007fae00000)
 concurrent-mark-sweep perm gen total 38264K, used 22949K [0x00000007fae00000, 0x00000007fd35e000, 0x0000000800000000)

Card table byte_map: [0x000000010c05f000,0x000000010c889000] byte_map_base: 0x0000000108888000

Polling page: 0x00000001074b3000

Code Cache  [0x000000010905f000, 0x00000001094ef000, 0x000000010c05f000)
 total_blobs=1850 nmethods=1323 adapters=488 free_code_cache=44613Kb largest_free_block=45609856

Compilation events (10 events):
Event: 918.923 Thread 0x00007feca6806800 1417             greenfoot.ActorVisitor::getSequenceNumber (5 bytes)
Event: 918.924 Thread 0x00007feca6806800 nmethod 1417 0x00000001094be210 code [0x00000001094be340, 0x00000001094be3b8]
Event: 919.773 Thread 0x00007feca6807000 1418             Particle::act (187 bytes)
Event: 919.783 Thread 0x00007feca6807000 nmethod 1418 0x0000000109460450 code [0x00000001094606c0, 0x0000000109460dd0]
Event: 923.177 Thread 0x00007feca6806800 1419             java.text.SimpleDateFormat::compile (616 bytes)
Event: 923.210 Thread 0x00007feca6806800 nmethod 1419 0x00000001094dcf10 code [0x00000001094dd260, 0x00000001094de7f8]
Event: 924.577 Thread 0x00007feca6807000 1420             Tree::act (32 bytes)
Event: 924.582 Thread 0x00007feca6807000 nmethod 1420 0x00000001094c6c10 code [0x00000001094c6d80, 0x00000001094c6ec8]
Event: 924.608 Thread 0x00007feca6806800 1422             ColliderBox::act (1 bytes)
Event: 924.608 Thread 0x00007feca6806800 nmethod 1422 0x000000010945fed0 code [0x0000000109460000, 0x0000000109460058]

GC Heap History (10 events):
Event: 924.944 GC heap before
{Heap before GC invocations=194 (full 58):
 par new generation   total 78784K, used 70488K [0x00000006fae00000, 0x0000000700370000, 0x0000000724790000)
  eden space 70080K,  99% used [0x00000006fae00000, 0x00000006ff244a88, 0x00000006ff270000)
  from space 8704K,   6% used [0x00000006ff270000, 0x00000006ff3015b0, 0x00000006ffaf0000)
  to   space 8704K,   0% used [0x00000006ffaf0000, 0x00000006ffaf0000, 0x0000000700370000)
 concurrent mark-sweep generation total 174784K, used 56367K [0x0000000724790000, 0x000000072f240000, 0x00000007fae00000)
 concurrent-mark-sweep perm gen total 38264K, used 22949K [0x00000007fae00000, 0x00000007fd35e000, 0x0000000800000000)
Event: 924.949 GC heap after
Heap after GC invocations=195 (full 58):
 par new generation   total 78784K, used 907K [0x00000006fae00000, 0x0000000700370000, 0x0000000724790000)
  eden space 70080K,   0% used [0x00000006fae00000, 0x00000006fae00000, 0x00000006ff270000)
  from space 8704K,  10% used [0x00000006ffaf0000, 0x00000006ffbd2f28, 0x0000000700370000)
  to   space 8704K,   0% used [0x00000006ff270000, 0x00000006ff270000, 0x00000006ffaf0000)
 concurrent mark-sweep generation total 174784K, used 56393K [0x0000000724790000, 0x000000072f240000, 0x00000007fae00000)
 concurrent-mark-sweep perm gen total 38264K, used 22949K [0x00000007fae00000, 0x00000007fd35e000, 0x0000000800000000)
}
Event: 925.300 GC heap before
{Heap before GC invocations=195 (full 58):
 par new generation   total 78784K, used 31391K [0x00000006fae00000, 0x0000000700370000, 0x0000000724790000)
  eden space 70080K,  43% used [0x00000006fae00000, 0x00000006fcbc50a8, 0x00000006ff270000)
  from space 8704K,  10% used [0x00000006ffaf0000, 0x00000006ffbd2f28, 0x0000000700370000)
  to   space 8704K,   0% used [0x00000006ff270000, 0x00000006ff270000, 0x00000006ffaf0000)
 concurrent mark-sweep generation total 174784K, used 56393K [0x0000000724790000, 0x000000072f240000, 0x00000007fae00000)
 concurrent-mark-sweep perm gen total 38264K, used 22949K [0x00000007fae00000, 0x00000007fd35e000, 0x0000000800000000)
Event: 925.308 GC heap after
Heap after GC invocations=196 (full 58):
 par new generation   total 78784K, used 1080K [0x00000006fae00000, 0x0000000700370000, 0x0000000724790000)
  eden space 70080K,   0% used [0x00000006fae00000, 0x00000006fae00000, 0x00000006ff270000)
  from space 8704K,  12% used [0x00000006ff270000, 0x00000006ff37e1e8, 0x00000006ffaf0000)
  to   space 8704K,   0% used [0x00000006ffaf0000, 0x00000006ffaf0000, 0x0000000700370000)
 concurrent mark-sweep generation total 174784K, used 66370K [0x0000000724790000, 0x000000072f240000, 0x00000007fae00000)
 concurrent-mark-sweep perm gen total 38264K, used 22949K [0x00000007fae00000, 0x00000007fd35e000, 0x0000000800000000)
}
Event: 925.391 GC heap before
{Heap before GC invocations=196 (full 59):
 par new generation   total 78784K, used 43919K [0x00000006fae00000, 0x0000000700370000, 0x0000000724790000)
  eden space 70080K,  61% used [0x00000006fae00000, 0x00000006fd7d5c08, 0x00000006ff270000)
  from space 8704K,  12% used [0x00000006ff270000, 0x00000006ff37e1e8, 0x00000006ffaf0000)
  to   space 8704K,   0% used [0x00000006ffaf0000, 0x00000006ffaf0000, 0x0000000700370000)
 concurrent mark-sweep generation total 174784K, used 66370K [0x0000000724790000, 0x000000072f240000, 0x00000007fae00000)
 concurrent-mark-sweep perm gen total 38264K, used 22949K [0x00000007fae00000, 0x00000007fd35e000, 0x0000000800000000)
Event: 925.530 GC heap after
Heap after GC invocations=197 (full 60):
 par new generation   total 78784K, used 0K [0x00000006fae00000, 0x0000000700370000, 0x0000000724790000)
  eden space 70080K,   0% used [0x00000006fae00000, 0x00000006fae00000, 0x00000006ff270000)
  from space 8704K,   0% used [0x00000006ffaf0000, 0x00000006ffaf0000, 0x0000000700370000)
  to   space 8704K,   0% used [0x00000006ff270000, 0x00000006ff270000, 0x00000006ffaf0000)
 concurrent mark-sweep generation total 174784K, used 73217K [0x0000000724790000, 0x000000072f240000, 0x00000007fae00000)
 concurrent-mark-sweep perm gen total 38264K, used 22949K [0x00000007fae00000, 0x00000007fd35e000, 0x0000000800000000)
}
Event: 926.005 GC heap before
{Heap before GC invocations=197 (full 61):
 par new generation   total 78784K, used 386K [0x00000006fae00000, 0x0000000700370000, 0x0000000724790000)
  eden space 70080K,   0% used [0x00000006fae00000, 0x00000006fae60b10, 0x00000006ff270000)
  from space 8704K,   0% used [0x00000006ffaf0000, 0x00000006ffaf0000, 0x0000000700370000)
  to   space 8704K,   0% used [0x00000006ff270000, 0x00000006ff270000, 0x00000006ffaf0000)
 concurrent mark-sweep generation total 387320K, used 232390K [0x0000000724790000, 0x000000073c1ce000, 0x00000007fae00000)
 concurrent-mark-sweep perm gen total 38264K, used 22949K [0x00000007fae00000, 0x00000007fd35e000, 0x0000000800000000)
Event: 926.141 GC heap after
Heap after GC invocations=198 (full 62):
 par new generation   total 174400K, used 0K [0x00000006fae00000, 0x0000000706b30000, 0x0000000724790000)
  eden space 155072K,   0% used [0x00000006fae00000, 0x00000006fae00000, 0x0000000704570000)
  from space 19328K,   0% used [0x0000000704570000, 0x0000000704570000, 0x0000000705850000)
  to   space 19328K,   0% used [0x0000000705850000, 0x0000000705850000, 0x0000000706b30000)
 concurrent mark-sweep generation total 387320K, used 192462K [0x0000000724790000, 0x000000073c1ce000, 0x00000007fae00000)
 concurrent-mark-sweep perm gen total 38264K, used 22949K [0x00000007fae00000, 0x00000007fd35e000, 0x0000000800000000)
}
Event: 927.273 GC heap before
{Heap before GC invocations=198 (full 63):
 par new generation   total 174400K, used 567K [0x00000006fae00000, 0x0000000706b30000, 0x0000000724790000)
  eden space 155072K,   0% used [0x00000006fae00000, 0x00000006fae8ddc8, 0x0000000704570000)
  from space 19328K,   0% used [0x0000000704570000, 0x0000000704570000, 0x0000000705850000)
  to   space 19328K,   0% used [0x0000000705850000, 0x0000000705850000, 0x0000000706b30000)
 concurrent mark-sweep generation total 1382100K, used 829259K [0x0000000724790000, 0x0000000778d45000, 0x00000007fae00000)
 concurrent-mark-sweep perm gen total 38264K, used 22949K [0x00000007fae00000, 0x00000007fd35e000, 0x0000000800000000)
Event: 927.503 GC heap after
Heap after GC invocations=199 (full 64):
 par new generation   total 613440K, used 0K [0x00000006fae00000, 0x0000000724790000, 0x0000000724790000)
  eden space 545344K,   0% used [0x00000006fae00000, 0x00000006fae00000, 0x000000071c290000)
  from space 68096K,   0% used [0x000000071c290000, 0x000000071c290000, 0x0000000720510000)
  to   space 68096K,   0% used [0x0000000720510000, 0x0000000720510000, 0x0000000724790000)
 concurrent mark-sweep generation total 1382100K, used 670044K [0x0000000724790000, 0x0000000778d45000, 0x00000007fae00000)
 concurrent-mark-sweep perm gen total 38264K, used 22949K [0x00000007fae00000, 0x00000007fd35e000, 0x0000000800000000)
}

Deoptimization events (10 events):
Event: 886.354 Thread 0x00007feca58e6800 Uncommon trap: reason=array_check action=maybe_recompile pc=0x00000001093953d8 method=java.util.AbstractCollection.toArray([Ljava/lang/Object;)[Ljava/lang/Object; @ 119
Event: 886.618 Thread 0x00007fecad053800 Uncommon trap: reason=predicate action=maybe_recompile pc=0x00000001094ace78 method=java.awt.image.RGBImageFilter.filterRGBPixels(IIII[III)V @ 23
Event: 886.618 Thread 0x00007fecad053800 Uncommon trap: reason=class_check action=maybe_recompile pc=0x0000000109479f10 method=java.awt.image.RGBImageFilter.filterRGBPixels(IIII[III)V @ 41
Event: 886.619 Thread 0x00007fecad053800 Uncommon trap: reason=class_check action=maybe_recompile pc=0x0000000109479f10 method=java.awt.image.RGBImageFilter.filterRGBPixels(IIII[III)V @ 41
Event: 886.619 Thread 0x00007fecad053800 Uncommon trap: reason=class_check action=maybe_recompile pc=0x0000000109479f10 method=java.awt.image.RGBImageFilter.filterRGBPixels(IIII[III)V @ 41
Event: 886.619 Thread 0x00007fecad053800 Uncommon trap: reason=class_check action=maybe_recompile pc=0x0000000109479f10 method=java.awt.image.RGBImageFilter.filterRGBPixels(IIII[III)V @ 41
Event: 887.130 Thread 0x00007feca681d000 Uncommon trap: reason=array_check action=maybe_recompile pc=0x00000001093953d8 method=java.util.AbstractCollection.toArray([Ljava/lang/Object;)[Ljava/lang/Object; @ 119
Event: 910.791 Thread 0x00007feca417a800 Uncommon trap: reason=array_check action=maybe_recompile pc=0x00000001093953d8 method=java.util.AbstractCollection.toArray([Ljava/lang/Object;)[Ljava/lang/Object; @ 119
Event: 910.792 Thread 0x00007feca417a800 Uncommon trap: reason=array_check action=maybe_recompile pc=0x00000001093953d8 method=java.util.AbstractCollection.toArray([Ljava/lang/Object;)[Ljava/lang/Object; @ 119
Event: 926.999 Thread 0x00007feca417a800 Uncommon trap: reason=unreached action=reinterpret pc=0x000000010945f768 method=java.util.concurrent.locks.AbstractQueuedSynchronizer.unparkSuccessor(Ljava/util/concurrent/locks/AbstractQueuedSynchronizer$Node;)V @ 73

Internal exceptions (10 events):
Event: 887.128 Thread 0x00007feca681d000 Threw 0x00000006fb42ccd8 at /HUDSON/workspace/7u-2-build-macosx-x86_64/jdk7u65/1224/hotspot/src/share/vm/prims/jvm.cpp:1244
Event: 887.128 Thread 0x00007feca681d000 Threw 0x00000006fb430268 at /HUDSON/workspace/7u-2-build-macosx-x86_64/jdk7u65/1224/hotspot/src/share/vm/prims/jvm.cpp:1244
Event: 887.128 Thread 0x00007feca681d000 Threw 0x00000006fb431878 at /HUDSON/workspace/7u-2-build-macosx-x86_64/jdk7u65/1224/hotspot/src/share/vm/prims/jvm.cpp:1244
Event: 887.129 Thread 0x00007feca681d000 Threw 0x00000006fb435648 at /HUDSON/workspace/7u-2-build-macosx-x86_64/jdk7u65/1224/hotspot/src/share/vm/prims/jvm.cpp:1244
Event: 887.129 Thread 0x00007feca681d000 Threw 0x00000006fb436cc0 at /HUDSON/workspace/7u-2-build-macosx-x86_64/jdk7u65/1224/hotspot/src/share/vm/prims/jvm.cpp:1244
Event: 887.129 Thread 0x00007feca681d000 Threw 0x00000006fb43a448 at /HUDSON/workspace/7u-2-build-macosx-x86_64/jdk7u65/1224/hotspot/src/share/vm/prims/jvm.cpp:1244
Event: 887.129 Thread 0x00007feca681d000 Threw 0x00000006fb43ba58 at /HUDSON/workspace/7u-2-build-macosx-x86_64/jdk7u65/1224/hotspot/src/share/vm/prims/jvm.cpp:1244
Event: 887.130 Thread 0x00007feca681d000 Threw 0x00000006fb43fba0 at /HUDSON/workspace/7u-2-build-macosx-x86_64/jdk7u65/1224/hotspot/src/share/vm/prims/jvm.cpp:1244
Event: 887.130 Thread 0x00007feca681d000 Threw 0x00000006fb441478 at /HUDSON/workspace/7u-2-build-macosx-x86_64/jdk7u65/1224/hotspot/src/share/vm/prims/jvm.cpp:1244
Event: 887.483 Thread 0x00007feca417a800 Threw 0x00000006fecadf38 at /HUDSON/workspace/7u-2-build-macosx-x86_64/jdk7u65/1224/hotspot/src/share/vm/prims/jni.cpp:1632

Events (10 events):
Event: 927.273 Executing VM operation: GenCollectForAllocation
Event: 927.508 Executing VM operation: GenCollectForAllocation done
Event: 927.508 Executing VM operation: CMS_Initial_Mark
Event: 928.779 Executing VM operation: CMS_Initial_Mark done
Event: 928.811 Executing VM operation: CMS_Final_Remark
Event: 928.818 Executing VM operation: CMS_Final_Remark done
Event: 929.805 Executing VM operation: BulkRevokeBias
Event: 929.805 Executing VM operation: BulkRevokeBias done
Event: 929.846 Executing VM operation: BulkRevokeBias
Event: 929.847 Executing VM operation: BulkRevokeBias done


Dynamic libraries:
0x000000000afea000 	/System/Library/Frameworks/Cocoa.framework/Versions/A/Cocoa
0x000000000afea000 	/System/Library/Frameworks/Security.framework/Versions/A/Security
0x000000000afea000 	/System/Library/Frameworks/ApplicationServices.framework/Versions/A/ApplicationServices
0x000000000afea000 	/usr/lib/libz.1.dylib
0x000000000afea000 	/usr/lib/libSystem.B.dylib
0x000000000afea000 	/usr/lib/libobjc.A.dylib
0x000000000afea000 	/System/Library/Frameworks/CoreFoundation.framework/Versions/A/CoreFoundation
0x000000000afea000 	/System/Library/Frameworks/Foundation.framework/Versions/C/Foundation
0x000000000afea000 	/System/Library/Frameworks/AppKit.framework/Versions/C/AppKit
0x000000000afea000 	/System/Library/Frameworks/CoreData.framework/Versions/A/CoreData
0x000000000afea000 	/System/Library/PrivateFrameworks/RemoteViewServices.framework/Versions/A/RemoteViewServices
0x000000000afea000 	/System/Library/PrivateFrameworks/UIFoundation.framework/Versions/A/UIFoundation
0x000000000afea000 	/usr/lib/libScreenReader.dylib
0x000000000afea000 	/System/Library/Frameworks/Accelerate.framework/Versions/A/Accelerate
0x000000000afea000 	/System/Library/Frameworks/IOSurface.framework/Versions/A/IOSurface
0x000000000afea000 	/System/Library/Frameworks/AudioToolbox.framework/Versions/A/AudioToolbox
0x000000000afea000 	/System/Library/Frameworks/AudioUnit.framework/Versions/A/AudioUnit
0x000000000afea000 	/System/Library/PrivateFrameworks/DataDetectorsCore.framework/Versions/A/DataDetectorsCore
0x000000000afea000 	/System/Library/PrivateFrameworks/DesktopServicesPriv.framework/Versions/A/DesktopServicesPriv
0x000000000afea000 	/System/Library/Frameworks/Carbon.framework/Versions/A/Frameworks/HIToolbox.framework/Versions/A/HIToolbox
0x000000000afea000 	/System/Library/Frameworks/QuartzCore.framework/Versions/A/QuartzCore
0x000000000afea000 	/System/Library/Frameworks/Carbon.framework/Versions/A/Frameworks/SpeechRecognition.framework/Versions/A/SpeechRecognition
0x000000000afea000 	/usr/lib/libauto.dylib
0x000000000afea000 	/usr/lib/libicucore.A.dylib
0x000000000afea000 	/usr/lib/libxml2.2.dylib
0x000000000afea000 	/System/Library/PrivateFrameworks/CoreUI.framework/Versions/A/CoreUI
0x000000000afea000 	/System/Library/Frameworks/CoreAudio.framework/Versions/A/CoreAudio
0x000000000afea000 	/System/Library/Frameworks/DiskArbitration.framework/Versions/A/DiskArbitration
0x000000000afea000 	/usr/lib/liblangid.dylib
0x000000000afea000 	/System/Library/PrivateFrameworks/MultitouchSupport.framework/Versions/A/MultitouchSupport
0x000000000afea000 	/System/Library/Frameworks/IOKit.framework/Versions/A/IOKit
0x000000000afea000 	/usr/lib/libDiagnosticMessagesClient.dylib
0x000000000afea000 	/System/Library/Frameworks/CoreServices.framework/Versions/A/CoreServices
0x000000000afea000 	/System/Library/PrivateFrameworks/PerformanceAnalysis.framework/Versions/A/PerformanceAnalysis
0x000000000afea000 	/System/Library/PrivateFrameworks/GenerationalStorage.framework/Versions/A/GenerationalStorage
0x000000000afea000 	/System/Library/Frameworks/OpenGL.framework/Versions/A/OpenGL
0x000000000afea000 	/System/Library/PrivateFrameworks/Sharing.framework/Versions/A/Sharing
0x000000000afea000 	/System/Library/Frameworks/CoreGraphics.framework/Versions/A/CoreGraphics
0x000000000afea000 	/System/Library/Frameworks/CoreImage.framework/Versions/A/CoreImage
0x000000000afea000 	/System/Library/Frameworks/CoreText.framework/Versions/A/CoreText
0x000000000afea000 	/System/Library/Frameworks/ImageIO.framework/Versions/A/ImageIO
0x000000000afea000 	/System/Library/PrivateFrameworks/Backup.framework/Versions/A/Backup
0x000000000afea000 	/usr/lib/libextension.dylib
0x000000000afea000 	/usr/lib/libarchive.2.dylib
0x000000000afea000 	/System/Library/Frameworks/CFNetwork.framework/Versions/A/CFNetwork
0x000000000afea000 	/System/Library/Frameworks/SystemConfiguration.framework/Versions/A/SystemConfiguration
0x000000000afea000 	/usr/lib/libCRFSuite.dylib
0x000000000afea000 	/usr/lib/libc++.1.dylib
0x000000000afea000 	/usr/lib/libc++abi.dylib
0x000000000afea000 	/usr/lib/system/libcache.dylib
0x000000000afea000 	/usr/lib/system/libcommonCrypto.dylib
0x000000000afea000 	/usr/lib/system/libcompiler_rt.dylib
0x000000000afea000 	/usr/lib/system/libcopyfile.dylib
0x000000000afea000 	/usr/lib/system/libcorecrypto.dylib
0x000000000afea000 	/usr/lib/system/libdispatch.dylib
0x000000000afea000 	/usr/lib/system/libdyld.dylib
0x000000000afea000 	/usr/lib/system/libkeymgr.dylib
0x000000000afea000 	/usr/lib/system/liblaunch.dylib
0x000000000afea000 	/usr/lib/system/libmacho.dylib
0x000000000afea000 	/usr/lib/system/libquarantine.dylib
0x000000000afea000 	/usr/lib/system/libremovefile.dylib
0x000000000afea000 	/usr/lib/system/libsystem_asl.dylib
0x000000000afea000 	/usr/lib/system/libsystem_blocks.dylib
0x000000000afea000 	/usr/lib/system/libsystem_c.dylib
0x000000000afea000 	/usr/lib/system/libsystem_configuration.dylib
0x000000000afea000 	/usr/lib/system/libsystem_coreservices.dylib
0x000000000afea000 	/usr/lib/system/libsystem_coretls.dylib
0x000000000afea000 	/usr/lib/system/libsystem_dnssd.dylib
0x000000000afea000 	/usr/lib/system/libsystem_info.dylib
0x000000000afea000 	/usr/lib/system/libsystem_kernel.dylib
0x000000000afea000 	/usr/lib/system/libsystem_m.dylib
0x000000000afea000 	/usr/lib/system/libsystem_malloc.dylib
0x000000000afea000 	/usr/lib/system/libsystem_network.dylib
0x000000000afea000 	/usr/lib/system/libsystem_networkextension.dylib
0x000000000afea000 	/usr/lib/system/libsystem_notify.dylib
0x000000000afea000 	/usr/lib/system/libsystem_platform.dylib
0x000000000afea000 	/usr/lib/system/libsystem_pthread.dylib
0x000000000afea000 	/usr/lib/system/libsystem_sandbox.dylib
0x000000000afea000 	/usr/lib/system/libsystem_secinit.dylib
0x000000000afea000 	/usr/lib/system/libsystem_trace.dylib
0x000000000afea000 	/usr/lib/system/libunc.dylib
0x000000000afea000 	/usr/lib/system/libunwind.dylib
0x000000000afea000 	/usr/lib/system/libxpc.dylib
0x000000000afea000 	/usr/lib/libenergytrace.dylib
0x000000000afea000 	/usr/lib/libbsm.0.dylib
0x000000000afea000 	/usr/lib/system/libkxld.dylib
0x000000000afea000 	/usr/lib/libxar.1.dylib
0x000000000afea000 	/usr/lib/libsqlite3.dylib
0x000000000afea000 	/usr/lib/libpam.2.dylib
0x000000000afea000 	/usr/lib/libOpenScriptingUtil.dylib
0x000000000afea000 	/usr/lib/libbz2.1.0.dylib
0x000000000afea000 	/usr/lib/liblzma.5.dylib
0x000000000afea000 	/System/Library/Frameworks/CoreServices.framework/Versions/A/Frameworks/FSEvents.framework/Versions/A/FSEvents
0x000000000afea000 	/System/Library/Frameworks/CoreServices.framework/Versions/A/Frameworks/CarbonCore.framework/Versions/A/CarbonCore
0x000000000afea000 	/System/Library/Frameworks/CoreServices.framework/Versions/A/Frameworks/Metadata.framework/Versions/A/Metadata
0x000000000afea000 	/System/Library/Frameworks/CoreServices.framework/Versions/A/Frameworks/OSServices.framework/Versions/A/OSServices
0x000000000afea000 	/System/Library/Frameworks/CoreServices.framework/Versions/A/Frameworks/SearchKit.framework/Versions/A/SearchKit
0x000000000afea000 	/System/Library/Frameworks/CoreServices.framework/Versions/A/Frameworks/AE.framework/Versions/A/AE
0x000000000afea000 	/System/Library/Frameworks/CoreServices.framework/Versions/A/Frameworks/LaunchServices.framework/Versions/A/LaunchServices
0x000000000afea000 	/System/Library/Frameworks/CoreServices.framework/Versions/A/Frameworks/DictionaryServices.framework/Versions/A/DictionaryServices
0x000000000afea000 	/System/Library/Frameworks/CoreServices.framework/Versions/A/Frameworks/SharedFileList.framework/Versions/A/SharedFileList
0x000000000afea000 	/System/Library/Frameworks/NetFS.framework/Versions/A/NetFS
0x000000000afea000 	/System/Library/PrivateFrameworks/NetAuth.framework/Versions/A/NetAuth
0x000000000afea000 	/System/Library/PrivateFrameworks/login.framework/Versions/A/Frameworks/loginsupport.framework/Versions/A/loginsupport
0x000000000afea000 	/System/Library/PrivateFrameworks/TCC.framework/Versions/A/TCC
0x000000000afea000 	/usr/lib/libmecabra.dylib
0x000000000afea000 	/System/Library/Frameworks/ApplicationServices.framework/Versions/A/Frameworks/ATS.framework/Versions/A/ATS
0x000000000afea000 	/System/Library/Frameworks/ApplicationServices.framework/Versions/A/Frameworks/ColorSync.framework/Versions/A/ColorSync
0x000000000afea000 	/System/Library/Frameworks/ApplicationServices.framework/Versions/A/Frameworks/HIServices.framework/Versions/A/HIServices
0x000000000afea000 	/System/Library/Frameworks/ApplicationServices.framework/Versions/A/Frameworks/LangAnalysis.framework/Versions/A/LangAnalysis
0x000000000afea000 	/System/Library/Frameworks/ApplicationServices.framework/Versions/A/Frameworks/PrintCore.framework/Versions/A/PrintCore
0x000000000afea000 	/System/Library/Frameworks/ApplicationServices.framework/Versions/A/Frameworks/QD.framework/Versions/A/QD
0x000000000afea000 	/System/Library/Frameworks/ApplicationServices.framework/Versions/A/Frameworks/SpeechSynthesis.framework/Versions/A/SpeechSynthesis
0x000000000afea000 	/System/Library/Frameworks/Metal.framework/Versions/A/Metal
0x000000000afea000 	/System/Library/Frameworks/Accelerate.framework/Versions/A/Frameworks/vImage.framework/Versions/A/vImage
0x000000000afea000 	/System/Library/Frameworks/Accelerate.framework/Versions/A/Frameworks/vecLib.framework/Versions/A/vecLib
0x000000000afea000 	/System/Library/Frameworks/Accelerate.framework/Versions/A/Frameworks/vecLib.framework/Versions/A/libvDSP.dylib
0x000000000afea000 	/System/Library/Frameworks/Accelerate.framework/Versions/A/Frameworks/vecLib.framework/Versions/A/libvMisc.dylib
0x000000000afea000 	/System/Library/Frameworks/Accelerate.framework/Versions/A/Frameworks/vecLib.framework/Versions/A/libLAPACK.dylib
0x000000000afea000 	/System/Library/Frameworks/Accelerate.framework/Versions/A/Frameworks/vecLib.framework/Versions/A/libBLAS.dylib
0x000000000afea000 	/System/Library/Frameworks/Accelerate.framework/Versions/A/Frameworks/vecLib.framework/Versions/A/libLinearAlgebra.dylib
0x000000000afea000 	/System/Library/Frameworks/Accelerate.framework/Versions/A/Frameworks/vecLib.framework/Versions/A/libSparseBLAS.dylib
0x000000000afea000 	/System/Library/PrivateFrameworks/GPUCompiler.framework/libmetal_timestamp.dylib
0x000000000afea000 	/System/Library/Frameworks/OpenGL.framework/Versions/A/Libraries/libCoreFSCache.dylib
0x000000000afea000 	/System/Library/PrivateFrameworks/IOAccelerator.framework/Versions/A/IOAccelerator
0x000000000afea000 	/System/Library/Frameworks/ApplicationServices.framework/Versions/A/Frameworks/ATS.framework/Versions/A/Resources/libFontParser.dylib
0x000000000afea000 	/System/Library/Frameworks/ApplicationServices.framework/Versions/A/Frameworks/ATS.framework/Versions/A/Resources/libFontRegistry.dylib
0x000000000afea000 	/System/Library/PrivateFrameworks/AppleVPA.framework/Versions/A/AppleVPA
0x000000000afea000 	/System/Library/PrivateFrameworks/AppleJPEG.framework/Versions/A/AppleJPEG
0x000000000afea000 	/System/Library/Frameworks/ImageIO.framework/Versions/A/Resources/libJPEG.dylib
0x000000000afea000 	/System/Library/Frameworks/ImageIO.framework/Versions/A/Resources/libTIFF.dylib
0x000000000afea000 	/System/Library/Frameworks/ImageIO.framework/Versions/A/Resources/libPng.dylib
0x000000000afea000 	/System/Library/Frameworks/ImageIO.framework/Versions/A/Resources/libGIF.dylib
0x000000000afea000 	/System/Library/Frameworks/ImageIO.framework/Versions/A/Resources/libJP2.dylib
0x000000000afea000 	/System/Library/Frameworks/ImageIO.framework/Versions/A/Resources/libRadiance.dylib
0x000000000afea000 	/System/Library/Frameworks/CoreVideo.framework/Versions/A/CoreVideo
0x000000000afea000 	/System/Library/Frameworks/OpenGL.framework/Versions/A/Libraries/libGLU.dylib
0x000000000afea000 	/System/Library/Frameworks/OpenGL.framework/Versions/A/Libraries/libGFXShared.dylib
0x000000000afea000 	/System/Library/Frameworks/OpenGL.framework/Versions/A/Libraries/libGL.dylib
0x000000000afea000 	/System/Library/Frameworks/OpenGL.framework/Versions/A/Libraries/libGLImage.dylib
0x000000000afea000 	/System/Library/Frameworks/OpenGL.framework/Versions/A/Libraries/libCVMSPluginSupport.dylib
0x000000000afea000 	/System/Library/Frameworks/OpenGL.framework/Versions/A/Libraries/libCoreVMClient.dylib
0x000000000afea000 	/usr/lib/libcups.2.dylib
0x000000000afea000 	/System/Library/Frameworks/Kerberos.framework/Versions/A/Kerberos
0x000000000afea000 	/System/Library/Frameworks/GSS.framework/Versions/A/GSS
0x000000000afea000 	/usr/lib/libresolv.9.dylib
0x000000000afea000 	/usr/lib/libiconv.2.dylib
0x000000000afea000 	/System/Library/PrivateFrameworks/Heimdal.framework/Versions/A/Heimdal
0x000000000afea000 	/usr/lib/libheimdal-asn1.dylib
0x000000000afea000 	/System/Library/Frameworks/OpenDirectory.framework/Versions/A/OpenDirectory
0x000000000afea000 	/System/Library/PrivateFrameworks/CommonAuth.framework/Versions/A/CommonAuth
0x000000000afea000 	/System/Library/Frameworks/OpenDirectory.framework/Versions/A/Frameworks/CFOpenDirectory.framework/Versions/A/CFOpenDirectory
0x000000000afea000 	/System/Library/Frameworks/SecurityFoundation.framework/Versions/A/SecurityFoundation
0x000000000afea000 	/System/Library/PrivateFrameworks/LanguageModeling.framework/Versions/A/LanguageModeling
0x000000000afea000 	/usr/lib/libmarisa.dylib
0x000000000afea000 	/usr/lib/libChineseTokenizer.dylib
0x000000000afea000 	/usr/lib/libcmph.dylib
0x000000000afea000 	/usr/lib/libcompression.dylib
0x000000000afea000 	/System/Library/Frameworks/ServiceManagement.framework/Versions/A/ServiceManagement
0x000000000afea000 	/usr/lib/libxslt.1.dylib
0x000000000afea000 	/System/Library/Frameworks/Carbon.framework/Versions/A/Frameworks/Ink.framework/Versions/A/Ink
0x000000000afea000 	/usr/lib/libFosl_dynamic.dylib
0x000000000afea000 	/System/Library/PrivateFrameworks/FaceCore.framework/Versions/A/FaceCore
0x000000000afea000 	/System/Library/Frameworks/OpenCL.framework/Versions/A/OpenCL
0x000000000afea000 	/System/Library/PrivateFrameworks/CrashReporterSupport.framework/Versions/A/CrashReporterSupport
0x000000000afea000 	/System/Library/PrivateFrameworks/IconServices.framework/Versions/A/IconServices
0x000000000afea000 	/System/Library/PrivateFrameworks/Apple80211.framework/Versions/A/Apple80211
0x000000000afea000 	/System/Library/Frameworks/CoreWLAN.framework/Versions/A/CoreWLAN
0x000000000afea000 	/System/Library/Frameworks/IOBluetooth.framework/Versions/A/IOBluetooth
0x000000000afea000 	/System/Library/PrivateFrameworks/CoreWiFi.framework/Versions/A/CoreWiFi
0x000000000afea000 	/System/Library/Frameworks/CoreBluetooth.framework/Versions/A/CoreBluetooth
0x000000000afea000 	/System/Library/PrivateFrameworks/ChunkingLibrary.framework/Versions/A/ChunkingLibrary
0x000000000afea000 	/System/Library/PrivateFrameworks/DebugSymbols.framework/Versions/A/DebugSymbols
0x000000000afea000 	/System/Library/PrivateFrameworks/CoreSymbolication.framework/Versions/A/CoreSymbolication
0x000000000afea000 	/System/Library/PrivateFrameworks/Symbolication.framework/Versions/A/Symbolication
0x000000000afea000 	/System/Library/PrivateFrameworks/SpeechRecognitionCore.framework/Versions/A/SpeechRecognitionCore
0x0000000108600000 	/Applications/Greenfoot 2.4.0/Greenfoot.app/Contents/Frameworks/jdk.framework/Versions/A/Contents/Home/jre/lib/server/libjvm.dylib
0x000000000afea000 	/usr/lib/libstdc++.6.dylib
0x0000000107476000 	/Applications/Greenfoot 2.4.0/Greenfoot.app/Contents/Frameworks/jdk.framework/Versions/A/Contents/Home/jre/lib/libverify.dylib
0x0000000107483000 	/Applications/Greenfoot 2.4.0/Greenfoot.app/Contents/Frameworks/jdk.framework/Versions/A/Contents/Home/jre/lib/libjava.dylib
0x00000001074b4000 	/Applications/Greenfoot 2.4.0/Greenfoot.app/Contents/Frameworks/jdk.framework/Versions/A/Contents/Home/jre/lib/libjdwp.dylib
0x00000001074f1000 	/Applications/Greenfoot 2.4.0/Greenfoot.app/Contents/Frameworks/jdk.framework/Versions/A/Contents/Home/jre/lib/libnpt.dylib
0x00000001074fe000 	/Applications/Greenfoot 2.4.0/Greenfoot.app/Contents/Frameworks/jdk.framework/Versions/A/Contents/Home/jre/lib/libzip.dylib
0x00000001144fa000 	/System/Library/Frameworks/JavaVM.framework/Frameworks/JavaRuntimeSupport.framework/JavaRuntimeSupport
0x0000000114515000 	/System/Library/Frameworks/JavaVM.framework/Versions/A/Frameworks/JavaNativeFoundation.framework/Versions/A/JavaNativeFoundation
0x00000001075f2000 	/System/Library/Frameworks/JavaVM.framework/Versions/A/JavaVM
0x000000000afea000 	/System/Library/Frameworks/Carbon.framework/Versions/A/Carbon
0x000000011452a000 	/System/Library/PrivateFrameworks/JavaLaunching.framework/Versions/A/JavaLaunching
0x000000000afea000 	/System/Library/Frameworks/Carbon.framework/Versions/A/Frameworks/CommonPanels.framework/Versions/A/CommonPanels
0x000000000afea000 	/System/Library/Frameworks/Carbon.framework/Versions/A/Frameworks/Help.framework/Versions/A/Help
0x000000000afea000 	/System/Library/Frameworks/Carbon.framework/Versions/A/Frameworks/ImageCapture.framework/Versions/A/ImageCapture
0x000000000afea000 	/System/Library/Frameworks/Carbon.framework/Versions/A/Frameworks/OpenScripting.framework/Versions/A/OpenScripting
0x000000000afea000 	/System/Library/Frameworks/Carbon.framework/Versions/A/Frameworks/Print.framework/Versions/A/Print
0x000000000afea000 	/System/Library/Frameworks/Carbon.framework/Versions/A/Frameworks/SecurityHI.framework/Versions/A/SecurityHI
0x0000000115e4a000 	/Applications/Greenfoot 2.4.0/Greenfoot.app/Contents/Frameworks/jdk.framework/Versions/A/Contents/Home/jre/lib/libdt_socket.dylib
0x0000000115ead000 	/Applications/Greenfoot 2.4.0/Greenfoot.app/Contents/Frameworks/jdk.framework/Versions/A/Contents/Home/jre/lib/libawt.dylib
0x0000000115f5c000 	/Applications/Greenfoot 2.4.0/Greenfoot.app/Contents/Frameworks/jdk.framework/Versions/A/Contents/Home/jre/lib/./libmlib_image.dylib
0x0000000116028000 	/Applications/Greenfoot 2.4.0/Greenfoot.app/Contents/Frameworks/jdk.framework/Versions/A/Contents/Home/jre/lib/lwawt/liblwawt.dylib
0x00000001160dc000 	/Applications/Greenfoot 2.4.0/Greenfoot.app/Contents/Frameworks/jdk.framework/Versions/A/Contents/Home/jre/lib/libosxapp.dylib
0x000000000afea000 	/System/Library/Frameworks/ExceptionHandling.framework/Versions/A/ExceptionHandling
0x000000000afea000 	/System/Library/PrivateFrameworks/CoreServicesInternal.framework/Versions/A/CoreServicesInternal
0x000000000afea000 	/System/Library/CoreServices/RawCamera.bundle/Contents/MacOS/RawCamera
0x000000000afea000 	/System/Library/Frameworks/CoreGraphics.framework/Versions/A/Resources/libRIP.A.dylib
0x000000000afea000 	/System/Library/Frameworks/Accelerate.framework/Versions/A/Frameworks/vImage.framework/Versions/A/Libraries/libCGInterfaces.dylib
0x000000000afea000 	/System/Library/Frameworks/CoreGraphics.framework/Versions/A/Resources/libCGXType.A.dylib
0x000000000afea000 	/System/Library/Frameworks/OpenCL.framework/Versions/A/Libraries/libcldcpuengine.dylib
0x000000000afea000 	/System/Library/PrivateFrameworks/DiskImages.framework/Versions/A/DiskImages
0x000000000afea000 	/System/Library/Frameworks/DiscRecording.framework/Versions/A/DiscRecording
0x000000000afea000 	/usr/lib/libcsfde.dylib
0x000000000afea000 	/usr/lib/libcurl.4.dylib
0x000000000afea000 	/System/Library/PrivateFrameworks/MediaKit.framework/Versions/A/MediaKit
0x000000000afea000 	/System/Library/PrivateFrameworks/ProtectedCloudStorage.framework/Versions/A/ProtectedCloudStorage
0x000000000afea000 	/usr/lib/libCoreStorage.dylib
0x000000000afea000 	/System/Library/PrivateFrameworks/EFILogin.framework/Versions/A/EFILogin
0x000000000afea000 	/usr/lib/libutil.dylib
0x000000000afea000 	/System/Library/PrivateFrameworks/FindMyDevice.framework/Versions/A/FindMyDevice
0x000000000afea000 	/System/Library/Frameworks/LDAP.framework/Versions/A/LDAP
0x000000000afea000 	/usr/lib/libsasl2.2.dylib
0x000000000afea000 	/System/Library/PrivateFrameworks/CoreDaemon.framework/Versions/B/CoreDaemon
0x000000000afea000 	/usr/lib/libcrypto.0.9.8.dylib
0x000000000afea000 	/System/Library/PrivateFrameworks/AppleSRP.framework/Versions/A/AppleSRP
0x000000000afea000 	/System/Library/PrivateFrameworks/TrustEvaluationAgent.framework/Versions/A/TrustEvaluationAgent
0x0000000117694000 	cl_kernels
0x000000000afea000 	/System/Library/Frameworks/OpenCL.framework/Versions/A/Libraries/ImageFormats/unorm8_bgra.dylib
0x000000000afea000 	/System/Library/Frameworks/OpenCL.framework/Versions/A/Libraries/ImageFormats/unorm8_rgba.dylib
0x000000000afea000 	/System/Library/PrivateFrameworks/FamilyControls.framework/Versions/A/FamilyControls
0x000000000afea000 	/System/Library/PrivateFrameworks/CommerceKit.framework/Versions/A/Frameworks/CommerceCore.framework/Versions/A/CommerceCore
0x000000000afea000 	/System/Library/PrivateFrameworks/SystemAdministration.framework/Versions/A/SystemAdministration
0x000000000afea000 	/System/Library/PrivateFrameworks/AppContainer.framework/Versions/A/AppContainer
0x000000000afea000 	/System/Library/PrivateFrameworks/SecCodeWrapper.framework/Versions/A/SecCodeWrapper
0x000000000afea000 	/System/Library/Frameworks/DirectoryService.framework/Versions/A/DirectoryService
0x000000000afea000 	/System/Library/PrivateFrameworks/LoginUIKit.framework/Versions/A/Frameworks/LoginUICore.framework/Versions/A/LoginUICore
0x000000000afea000 	/usr/lib/libodfde.dylib
0x000000011899f000 	/Applications/Greenfoot 2.4.0/Greenfoot.app/Contents/Frameworks/jdk.framework/Versions/A/Contents/Home/jre/lib/libfontmanager.dylib
0x0000000118a1e000 	/Applications/Greenfoot 2.4.0/Greenfoot.app/Contents/Frameworks/jdk.framework/Versions/A/Contents/Home/jre/lib/libnet.dylib
0x000000000afea000 	/System/Library/Frameworks/OpenGL.framework/Versions/A/Resources/GLEngine.bundle/GLEngine
0x000000000afea000 	/System/Library/Frameworks/OpenGL.framework/Versions/A/Libraries/libGLProgrammability.dylib
0x0000000118abd000 	/System/Library/Extensions/AppleIntelHD5000GraphicsGLDriver.bundle/Contents/MacOS/AppleIntelHD5000GraphicsGLDriver
0x000000000afea000 	/System/Library/PrivateFrameworks/GPUSupport.framework/Versions/A/Libraries/libGPUSupportMercury.dylib
0x000000000afea000 	/System/Library/Frameworks/OpenGL.framework/Versions/A/Resources/GLRendererFloat.bundle/GLRendererFloat
0x0000000119fd7000 	/Applications/Greenfoot 2.4.0/Greenfoot.app/Contents/Frameworks/jdk.framework/Versions/A/Contents/Home/jre/lib/libnio.dylib
0x0000000119fe6000 	/Applications/Greenfoot 2.4.0/Greenfoot.app/Contents/Frameworks/jdk.framework/Versions/A/Contents/Home/jre/lib/libosxui.dylib
0x000000011c8fb000 	/System/Library/Extensions/AppleIntelHD5000GraphicsMTLDriver.bundle/Contents/MacOS/AppleIntelHD5000GraphicsMTLDriver
0x0000000117458000 	/Applications/Greenfoot 2.4.0/Greenfoot.app/Contents/Frameworks/jdk.framework/Versions/A/Contents/Home/jre/lib/libjpeg.dylib
0x000000000afea000 	/System/Library/Frameworks/ApplicationServices.framework/Versions/A/Frameworks/ATS.framework/Versions/A/Resources/libTrueTypeScaler.dylib
0x000000011ed8e000 	/Applications/Greenfoot 2.4.0/Greenfoot.app/Contents/Frameworks/jdk.framework/Versions/A/Contents/Home/jre/lib/libdcpr.dylib
0x000000011cc38000 	/Applications/Greenfoot 2.4.0/Greenfoot.app/Contents/Frameworks/jdk.framework/Versions/A/Contents/Home/jre/lib/libjsound.dylib
0x000000012553e000 	/System/Library/Frameworks/CoreMIDI.framework/Versions/A/CoreMIDI
0x00000001244c9000 	/usr/lib/libexpat.1.dylib
0x000000011c859000 	/System/Library/Extensions/AppleHDA.kext/Contents/PlugIns/AppleHDAHALPlugIn.bundle/Contents/MacOS/AppleHDAHALPlugIn
0x000000012559d000 	/System/Library/Components/CoreAudio.component/Contents/MacOS/CoreAudio
0x000000000afea000 	/System/Library/PrivateFrameworks/CloudDocs.framework/Versions/A/CloudDocs
0x000000000afea000 	/System/Library/PrivateFrameworks/CoreDuet.framework/Versions/A/CoreDuet
0x000000000afea000 	/System/Library/Frameworks/CloudKit.framework/Versions/A/CloudKit
0x000000000afea000 	/System/Library/PrivateFrameworks/ProtocolBuffer.framework/Versions/A/ProtocolBuffer
0x000000000afea000 	/System/Library/PrivateFrameworks/CoreDuetDaemonProtocol.framework/Versions/A/CoreDuetDaemonProtocol
0x000000000afea000 	/System/Library/PrivateFrameworks/CoreDuetDebugLogging.framework/Versions/A/CoreDuetDebugLogging
0x000000000afea000 	/System/Library/Frameworks/Contacts.framework/Versions/A/Contacts
0x000000000afea000 	/System/Library/PrivateFrameworks/MMCS.framework/Versions/A/MMCS
0x000000000afea000 	/System/Library/Frameworks/CoreLocation.framework/Versions/A/CoreLocation
0x000000000afea000 	/System/Library/PrivateFrameworks/ContactsPersistence.framework/Versions/A/ContactsPersistence
0x000000000afea000 	/System/Library/Frameworks/AddressBook.framework/Versions/A/AddressBook
0x000000000afea000 	/System/Library/PrivateFrameworks/PhoneNumbers.framework/Versions/A/PhoneNumbers
0x000000000afea000 	/System/Library/PrivateFrameworks/IntlPreferences.framework/Versions/A/IntlPreferences
0x000000000afea000 	/System/Library/PrivateFrameworks/vCard.framework/Versions/A/vCard
0x000000000afea000 	/System/Library/Frameworks/Accounts.framework/Versions/A/Accounts
0x000000000afea000 	/System/Library/PrivateFrameworks/ContactsFoundation.framework/Versions/A/ContactsFoundation
0x000000000afea000 	/System/Library/PrivateFrameworks/ToneLibrary.framework/Versions/A/ToneLibrary
0x000000000afea000 	/System/Library/PrivateFrameworks/ToneKit.framework/Versions/A/ToneKit
0x000000000afea000 	/System/Library/PrivateFrameworks/ApplePushService.framework/Versions/A/ApplePushService
0x000000000afea000 	/System/Library/Frameworks/SecurityInterface.framework/Versions/A/SecurityInterface
0x000000000afea000 	/System/Library/PrivateFrameworks/ViewBridge.framework/Versions/A/ViewBridge
0x000000000afea000 	/System/Library/Frameworks/Quartz.framework/Versions/A/Quartz
0x000000000afea000 	/System/Library/Frameworks/AVFoundation.framework/Versions/A/AVFoundation
0x000000000afea000 	/System/Library/Frameworks/AVFoundation.framework/Versions/A/Resources/libAVFAudio.dylib
0x000000000afea000 	/System/Library/Frameworks/CoreMedia.framework/Versions/A/CoreMedia
0x000000000afea000 	/System/Library/Frameworks/MediaToolbox.framework/Versions/A/MediaToolbox
0x000000000afea000 	/System/Library/Frameworks/VideoToolbox.framework/Versions/A/VideoToolbox
0x000000000afea000 	/System/Library/Frameworks/CoreMediaIO.framework/Versions/A/CoreMediaIO
0x000000000afea000 	/usr/lib/libspindump.dylib
0x000000000afea000 	/System/Library/PrivateFrameworks/CoreAVCHD.framework/Versions/A/CoreAVCHD
0x000000000afea000 	/System/Library/Frameworks/MediaAccessibility.framework/Versions/A/MediaAccessibility
0x000000000afea000 	/System/Library/PrivateFrameworks/Mangrove.framework/Versions/A/Mangrove
0x000000000afea000 	/System/Library/PrivateFrameworks/CoreAUC.framework/Versions/A/CoreAUC
0x000000000afea000 	/System/Library/PrivateFrameworks/AppleVA.framework/Versions/A/AppleVA
0x000000000afea000 	/System/Library/PrivateFrameworks/XPCService.framework/Versions/A/XPCService
0x000000000afea000 	/System/Library/PrivateFrameworks/AppSandbox.framework/Versions/A/AppSandbox
0x000000000afea000 	/usr/lib/libsandbox.1.dylib
0x000000000afea000 	/usr/lib/libMatch.1.dylib
0x000000000afea000 	/System/Library/Frameworks/Quartz.framework/Versions/A/Frameworks/QuartzComposer.framework/Versions/A/QuartzComposer
0x000000000afea000 	/System/Library/Frameworks/Quartz.framework/Versions/A/Frameworks/PDFKit.framework/Versions/A/PDFKit
0x000000000afea000 	/System/Library/Frameworks/Quartz.framework/Versions/A/Frameworks/QuartzFilters.framework/Versions/A/QuartzFilters
0x000000000afea000 	/System/Library/Frameworks/Quartz.framework/Versions/A/Frameworks/ImageKit.framework/Versions/A/ImageKit
0x000000000afea000 	/System/Library/Frameworks/Quartz.framework/Versions/A/Frameworks/QuickLookUI.framework/Versions/A/QuickLookUI
0x000000000afea000 	/System/Library/Frameworks/JavaScriptCore.framework/Versions/A/JavaScriptCore
0x000000000afea000 	/System/Library/Frameworks/QTKit.framework/Versions/A/QTKit
0x000000000afea000 	/System/Library/PrivateFrameworks/AppleSystemInfo.framework/Versions/A/AppleSystemInfo
0x000000000afea000 	/System/Library/PrivateFrameworks/CoreMediaAuthoring.framework/Versions/A/CoreMediaAuthoring
0x000000000afea000 	/System/Library/PrivateFrameworks/CorePDF.framework/Versions/A/CorePDF
0x000000000afea000 	/System/Library/Frameworks/QuickLook.framework/Versions/A/QuickLook
0x000000000afea000 	/System/Library/PrivateFrameworks/DisplayServices.framework/Versions/A/DisplayServices
0x000000000afea000 	/System/Library/Frameworks/ImageCaptureCore.framework/Versions/A/ImageCaptureCore
0x000000000afea000 	/System/Library/PrivateFrameworks/SafariServices.framework/Versions/A/SafariServices
0x000000000afea000 	/System/Library/PrivateFrameworks/OAuth.framework/Versions/A/OAuth
0x000000000afea000 	/System/Library/PrivateFrameworks/AssetCacheServices.framework/Versions/A/AssetCacheServices
0x000000000afea000 	/System/Library/PrivateFrameworks/GeoServices.framework/Versions/A/GeoServices

VM Arguments:
jvm_args: -Xincgc -Dawt.useSystemAAFontSettings=on -agentlib:jdwp=transport=dt_socket,address=127.0.0.1:49957 -Dfile.encoding=UTF-8 
java_command: bluej.runtime.ExecServer UTF-8
Launcher Type: SUN_STANDARD

Environment Variables:
PATH=/usr/bin:/bin:/usr/sbin:/sbin
SHELL=/bin/zsh

Signal Handlers:
SIGSEGV: [libjvm.dylib+0x52b6c9], sa_mask[0]=0xfffefeff, sa_flags=0x00000043
SIGBUS: [libjvm.dylib+0x52b6c9], sa_mask[0]=0xfffefeff, sa_flags=0x00000042
SIGFPE: [libjvm.dylib+0x41deaa], sa_mask[0]=0xfffefeff, sa_flags=0x00000042
SIGPIPE: [libjvm.dylib+0x41deaa], sa_mask[0]=0xfffefeff, sa_flags=0x00000042
SIGXFSZ: [libjvm.dylib+0x41deaa], sa_mask[0]=0xfffefeff, sa_flags=0x00000042
SIGILL: [libjvm.dylib+0x41deaa], sa_mask[0]=0xfffefeff, sa_flags=0x00000042
SIGUSR1: SIG_DFL, sa_mask[0]=0x00000000, sa_flags=0x00000000
SIGUSR2: [libjvm.dylib+0x41d99c], sa_mask[0]=0x00000004, sa_flags=0x00000042
SIGHUP: [libjvm.dylib+0x41bc2d], sa_mask[0]=0xfffefeff, sa_flags=0x00000042
SIGINT: [libjvm.dylib+0x41bc2d], sa_mask[0]=0xfffefeff, sa_flags=0x00000042
SIGTERM: [libjvm.dylib+0x41bc2d], sa_mask[0]=0xfffefeff, sa_flags=0x00000042
SIGQUIT: [libjvm.dylib+0x41bc2d], sa_mask[0]=0xfffefeff, sa_flags=0x00000042


---------------  S Y S T E M  ---------------

OS:Bsduname:Darwin 15.0.0 Darwin Kernel Version 15.0.0: Wed Aug 26 16:57:32 PDT 2015; root:xnu-3247.1.106~1/RELEASE_X86_64 x86_64
rlimit: STACK 8192k, CORE 0k, NPROC 709, NOFILE 10240, AS infinity
load average:3.81 3.78 2.96

CPU:total 8 (4 cores per cpu, 2 threads per core) family 6 model 70 stepping 1, cmov, cx8, fxsr, mmx, sse, sse2, sse3, ssse3, sse4.1, sse4.2, popcnt, avx, avx2, aes, erms, ht, tsc, tscinvbit

Memory: 4k page, physical 16777216k(4194304k free)

/proc/meminfo:


vm_info: Java HotSpot(TM) 64-Bit Server VM (24.65-b04) for bsd-amd64 JRE (1.7.0_65-b17), built on Jun 16 2014 20:31:25 by "java_re" with gcc 4.2.1 (Based on Apple Inc. build 5658) (LLVM build 2336.11.00)

time: Sun Dec 27 13:27:49 2015
elapsed time: 930 seconds

